<testsuites id="" name="" tests="2" failures="0" skipped="0" errors="0" time="3.192921">
<testsuite name="login.spec.ts" timestamp="2026-03-05T16:10:59.053Z" hostname="chromium" tests="1" failures="0" skipped="0" time="1.877" errors="0">
<testcase name="test" classname="login.spec.ts" time="1.877">
</testcase>
</testsuite>
<testsuite name="login.spec.ts" timestamp="2026-03-05T16:10:59.053Z" hostname="firefox" tests="1" failures="0" skipped="0" time="1.631" errors="0">
<testcase name="test" classname="login.spec.ts" time="1.631">
</testcase>
</testsuite>
</testsuites>